<?xml version="1.0" encoding="UTF-8"?>
<testng-results skipped="0" failed="0" total="1" passed="1">
  <reporter-output>
  </reporter-output>
  <suite name="Default suite" duration-ms="963" started-at="2016-07-19T21:46:03Z" finished-at="2016-07-19T21:46:04Z">
    <groups>
      <group name="domain">
        <method signature="VerifyWebComLogin.VerifyValidLogin()[pri:0, instance:br.rubens.teste.VerifyWebComLogin@35eaab]" name="VerifyValidLogin" class="br.rubens.teste.VerifyWebComLogin"/>
      </group> <!-- domain -->
    </groups>
    <test name="Default test" duration-ms="963" started-at="2016-07-19T21:46:03Z" finished-at="2016-07-19T21:46:04Z">
      <class name="br.rubens.teste.VerifyWebComLogin">
        <test-method status="PASS" signature="VerifyValidLogin()[pri:0, instance:br.rubens.teste.VerifyWebComLogin@35eaab]" name="VerifyValidLogin" duration-ms="952" started-at="2016-07-19T18:46:03Z" description="Realiza o login na aplicação" finished-at="2016-07-19T18:46:04Z">
          <reporter-output>
          </reporter-output>
        </test-method> <!-- VerifyValidLogin -->
      </class> <!-- br.rubens.teste.VerifyWebComLogin -->
    </test> <!-- Default test -->
  </suite> <!-- Default suite -->
</testng-results>
